[2022-06-21 20:41:27] local.INFO: null1  
[2022-06-21 20:41:27] local.ERROR: SQLSTATE[23000]: Integrity constraint violation: 1048 Column 'id_user' cannot be null (SQL: insert into `notifications` (`id_product`, `id_user`, `id_user_origin`, `description`, `send_user`, `origin`, `updated_at`, `created_at`) values (0, ?, ?, Bienvenido verifica tu cuenta para que puedas comezar con tus compras, 0, regitro de user, 2022-06-21 20:41:27, 2022-06-21 20:41:27)) {"exception":"[object] (Illuminate\\Database\\QueryException(code: 23000): SQLSTATE[23000]: Integrity constraint violation: 1048 Column 'id_user' cannot be null (SQL: insert into `notifications` (`id_product`, `id_user`, `id_user_origin`, `description`, `send_user`, `origin`, `updated_at`, `created_at`) values (0, ?, ?, Bienvenido verifica tu cuenta para que puedas comezar con tus compras, 0, regitro de user, 2022-06-21 20:41:27, 2022-06-21 20:41:27)) at C:\\laragon\\www\\back-ionic\\back-ionic-laravel\\back-laravel-ionic\\vendor\\laravel\\framework\\src\\Illuminate\\Database\\Connection.php:712)
[stacktrace]
#0 C:\\laragon\\www\\back-ionic\\back-ionic-laravel\\back-laravel-ionic\\vendor\\laravel\\framework\\src\\Illuminate\\Database\\Connection.php(672): Illuminate\\Database\\Connection->runQueryCallback('insert into `no...', Array, Object(Closure))
#1 C:\\laragon\\www\\back-ionic\\back-ionic-laravel\\back-laravel-ionic\\vendor\\laravel\\framework\\src\\Illuminate\\Database\\Connection.php(502): Illuminate\\Database\\Connection->run('insert into `no...', Array, Object(Closure))
#2 C:\\laragon\\www\\back-ionic\\back-ionic-laravel\\back-laravel-ionic\\vendor\\laravel\\framework\\src\\Illuminate\\Database\\Connection.php(454): Illuminate\\Database\\Connection->statement('insert into `no...', Array)
#3 C:\\laragon\\www\\back-ionic\\back-ionic-laravel\\back-laravel-ionic\\vendor\\laravel\\framework\\src\\Illuminate\\Database\\Query\\Processors\\Processor.php(32): Illuminate\\Database\\Connection->insert('insert into `no...', Array)
#4 C:\\laragon\\www\\back-ionic\\back-ionic-laravel\\back-laravel-ionic\\vendor\\laravel\\framework\\src\\Illuminate\\Database\\Query\\Builder.php(3028): Illuminate\\Database\\Query\\Processors\\Processor->processInsertGetId(Object(Illuminate\\Database\\Query\\Builder), 'insert into `no...', Array, 'id')
#5 C:\\laragon\\www\\back-ionic\\back-ionic-laravel\\back-laravel-ionic\\vendor\\laravel\\framework\\src\\Illuminate\\Database\\Eloquent\\Builder.php(1657): Illuminate\\Database\\Query\\Builder->insertGetId(Array, 'id')
#6 C:\\laragon\\www\\back-ionic\\back-ionic-laravel\\back-laravel-ionic\\vendor\\laravel\\framework\\src\\Illuminate\\Database\\Eloquent\\Model.php(1188): Illuminate\\Database\\Eloquent\\Builder->__call('insertGetId', Array)
#7 C:\\laragon\\www\\back-ionic\\back-ionic-laravel\\back-laravel-ionic\\vendor\\laravel\\framework\\src\\Illuminate\\Database\\Eloquent\\Model.php(1153): Illuminate\\Database\\Eloquent\\Model->insertAndSetId(Object(Illuminate\\Database\\Eloquent\\Builder), Array)
#8 C:\\laragon\\www\\back-ionic\\back-ionic-laravel\\back-laravel-ionic\\vendor\\laravel\\framework\\src\\Illuminate\\Database\\Eloquent\\Model.php(994): Illuminate\\Database\\Eloquent\\Model->performInsert(Object(Illuminate\\Database\\Eloquent\\Builder))
#9 C:\\laragon\\www\\back-ionic\\back-ionic-laravel\\back-laravel-ionic\\vendor\\laravel\\framework\\src\\Illuminate\\Database\\Eloquent\\Builder.php(896): Illuminate\\Database\\Eloquent\\Model->save()
#10 C:\\laragon\\www\\back-ionic\\back-ionic-laravel\\back-laravel-ionic\\vendor\\laravel\\framework\\src\\Illuminate\\Support\\helpers.php(263): Illuminate\\Database\\Eloquent\\Builder->Illuminate\\Database\\Eloquent\\{closure}(Object(App\\Models\\Notification))
#11 C:\\laragon\\www\\back-ionic\\back-ionic-laravel\\back-laravel-ionic\\vendor\\laravel\\framework\\src\\Illuminate\\Database\\Eloquent\\Builder.php(897): tap(Object(App\\Models\\Notification), Object(Closure))
#12 C:\\laragon\\www\\back-ionic\\back-ionic-laravel\\back-laravel-ionic\\vendor\\laravel\\framework\\src\\Illuminate\\Support\\Traits\\ForwardsCalls.php(23): Illuminate\\Database\\Eloquent\\Builder->create(Array)
#13 C:\\laragon\\www\\back-ionic\\back-ionic-laravel\\back-laravel-ionic\\vendor\\laravel\\framework\\src\\Illuminate\\Database\\Eloquent\\Model.php(2132): Illuminate\\Database\\Eloquent\\Model->forwardCallTo(Object(Illuminate\\Database\\Eloquent\\Builder), 'create', Array)
#14 C:\\laragon\\www\\back-ionic\\back-ionic-laravel\\back-laravel-ionic\\vendor\\laravel\\framework\\src\\Illuminate\\Database\\Eloquent\\Model.php(2144): Illuminate\\Database\\Eloquent\\Model->__call('create', Array)
#15 C:\\laragon\\www\\back-ionic\\back-ionic-laravel\\back-laravel-ionic\\app\\Traits\\NotificationsTrait.php(38): Illuminate\\Database\\Eloquent\\Model::__callStatic('create', Array)
#16 C:\\laragon\\www\\back-ionic\\back-ionic-laravel\\back-laravel-ionic\\vendor\\laravel\\framework\\src\\Illuminate\\Database\\Concerns\\ManagesTransactions.php(29): App\\Http\\Controllers\\LoginController->App\\Traits\\{closure}(Object(Illuminate\\Database\\MySqlConnection))
#17 C:\\laragon\\www\\back-ionic\\back-ionic-laravel\\back-laravel-ionic\\vendor\\laravel\\framework\\src\\Illuminate\\Database\\DatabaseManager.php(442): Illuminate\\Database\\Connection->transaction(Object(Closure))
#18 C:\\laragon\\www\\back-ionic\\back-ionic-laravel\\back-laravel-ionic\\vendor\\laravel\\framework\\src\\Illuminate\\Support\\Facades\\Facade.php(261): Illuminate\\Database\\DatabaseManager->__call('transaction', Array)
#19 C:\\laragon\\www\\back-ionic\\back-ionic-laravel\\back-laravel-ionic\\app\\Traits\\NotificationsTrait.php(42): Illuminate\\Support\\Facades\\Facade::__callStatic('transaction', Array)
#20 C:\\laragon\\www\\back-ionic\\back-ionic-laravel\\back-laravel-ionic\\app\\Http\\Controllers\\LoginController.php(116): App\\Http\\Controllers\\LoginController->createNotification(NULL, NULL, NULL, 'Bienvenido veri...', 'regitro de user')
#21 C:\\laragon\\www\\back-ionic\\back-ionic-laravel\\back-laravel-ionic\\vendor\\laravel\\framework\\src\\Illuminate\\Routing\\Controller.php(54): App\\Http\\Controllers\\LoginController->registre(Object(Illuminate\\Http\\Request))
#22 C:\\laragon\\www\\back-ionic\\back-ionic-laravel\\back-laravel-ionic\\vendor\\laravel\\framework\\src\\Illuminate\\Routing\\ControllerDispatcher.php(45): Illuminate\\Routing\\Controller->callAction('registre', Array)
#23 C:\\laragon\\www\\back-ionic\\back-ionic-laravel\\back-laravel-ionic\\vendor\\laravel\\framework\\src\\Illuminate\\Routing\\Route.php(262): Illuminate\\Routing\\ControllerDispatcher->dispatch(Object(Illuminate\\Routing\\Route), Object(App\\Http\\Controllers\\LoginController), 'registre')
#24 C:\\laragon\\www\\back-ionic\\back-ionic-laravel\\back-laravel-ionic\\vendor\\laravel\\framework\\src\\Illuminate\\Routing\\Route.php(205): Illuminate\\Routing\\Route->runController()
#25 C:\\laragon\\www\\back-ionic\\back-ionic-laravel\\back-laravel-ionic\\vendor\\laravel\\framework\\src\\Illuminate\\Routing\\Router.php(721): Illuminate\\Routing\\Route->run()
#26 C:\\laragon\\www\\back-ionic\\back-ionic-laravel\\back-laravel-ionic\\vendor\\laravel\\framework\\src\\Illuminate\\Pipeline\\Pipeline.php(128): Illuminate\\Routing\\Router->Illuminate\\Routing\\{closure}(Object(Illuminate\\Http\\Request))
#27 C:\\laragon\\www\\back-ionic\\back-ionic-laravel\\back-laravel-ionic\\vendor\\laravel\\framework\\src\\Illuminate\\Routing\\Middleware\\SubstituteBindings.php(50): Illuminate\\Pipeline\\Pipeline->Illuminate\\Pipeline\\{closure}(Object(Illuminate\\Http\\Request))
#28 C:\\laragon\\www\\back-ionic\\back-ionic-laravel\\back-laravel-ionic\\vendor\\laravel\\framework\\src\\Illuminate\\Pipeline\\Pipeline.php(167): Illuminate\\Routing\\Middleware\\SubstituteBindings->handle(Object(Illuminate\\Http\\Request), Object(Closure))
#29 C:\\laragon\\www\\back-ionic\\back-ionic-laravel\\back-laravel-ionic\\vendor\\laravel\\framework\\src\\Illuminate\\Routing\\Middleware\\ThrottleRequests.php(127): Illuminate\\Pipeline\\Pipeline->Illuminate\\Pipeline\\{closure}(Object(Illuminate\\Http\\Request))
#30 C:\\laragon\\www\\back-ionic\\back-ionic-laravel\\back-laravel-ionic\\vendor\\laravel\\framework\\src\\Illuminate\\Routing\\Middleware\\ThrottleRequests.php(103): Illuminate\\Routing\\Middleware\\ThrottleRequests->handleRequest(Object(Illuminate\\Http\\Request), Object(Closure), Array)
#31 C:\\laragon\\www\\back-ionic\\back-ionic-laravel\\back-laravel-ionic\\vendor\\laravel\\framework\\src\\Illuminate\\Routing\\Middleware\\ThrottleRequests.php(55): Illuminate\\Routing\\Middleware\\ThrottleRequests->handleRequestUsingNamedLimiter(Object(Illuminate\\Http\\Request), Object(Closure), 'api', Object(Closure))
#32 C:\\laragon\\www\\back-ionic\\back-ionic-laravel\\back-laravel-ionic\\vendor\\laravel\\framework\\src\\Illuminate\\Pipeline\\Pipeline.php(167): Illuminate\\Routing\\Middleware\\ThrottleRequests->handle(Object(Illuminate\\Http\\Request), Object(Closure), 'api')
#33 C:\\laragon\\www\\back-ionic\\back-ionic-laravel\\back-laravel-ionic\\vendor\\laravel\\framework\\src\\Illuminate\\Pipeline\\Pipeline.php(103): Illuminate\\Pipeline\\Pipeline->Illuminate\\Pipeline\\{closure}(Object(Illuminate\\Http\\Request))
#34 C:\\laragon\\www\\back-ionic\\back-ionic-laravel\\back-laravel-ionic\\vendor\\laravel\\framework\\src\\Illuminate\\Routing\\Router.php(723): Illuminate\\Pipeline\\Pipeline->then(Object(Closure))
#35 C:\\laragon\\www\\back-ionic\\back-ionic-laravel\\back-laravel-ionic\\vendor\\laravel\\framework\\src\\Illuminate\\Routing\\Router.php(698): Illuminate\\Routing\\Router->runRouteWithinStack(Object(Illuminate\\Routing\\Route), Object(Illuminate\\Http\\Request))
#36 C:\\laragon\\www\\back-ionic\\back-ionic-laravel\\back-laravel-ionic\\vendor\\laravel\\framework\\src\\Illuminate\\Routing\\Router.php(662): Illuminate\\Routing\\Router->runRoute(Object(Illuminate\\Http\\Request), Object(Illuminate\\Routing\\Route))
#37 C:\\laragon\\www\\back-ionic\\back-ionic-laravel\\back-laravel-ionic\\vendor\\laravel\\framework\\src\\Illuminate\\Routing\\Router.php(651): Illuminate\\Routing\\Router->dispatchToRoute(Object(Illuminate\\Http\\Request))
#38 C:\\laragon\\www\\back-ionic\\back-ionic-laravel\\back-laravel-ionic\\vendor\\laravel\\framework\\src\\Illuminate\\Foundation\\Http\\Kernel.php(167): Illuminate\\Routing\\Router->dispatch(Object(Illuminate\\Http\\Request))
#39 C:\\laragon\\www\\back-ionic\\back-ionic-laravel\\back-laravel-ionic\\vendor\\laravel\\framework\\src\\Illuminate\\Pipeline\\Pipeline.php(128): Illuminate\\Foundation\\Http\\Kernel->Illuminate\\Foundation\\Http\\{closure}(Object(Illuminate\\Http\\Request))
#40 C:\\laragon\\www\\back-ionic\\back-ionic-laravel\\back-laravel-ionic\\vendor\\laravel\\framework\\src\\Illuminate\\Foundation\\Http\\Middleware\\TransformsRequest.php(21): Illuminate\\Pipeline\\Pipeline->Illuminate\\Pipeline\\{closure}(Object(Illuminate\\Http\\Request))
#41 C:\\laragon\\www\\back-ionic\\back-ionic-laravel\\back-laravel-ionic\\vendor\\laravel\\framework\\src\\Illuminate\\Foundation\\Http\\Middleware\\ConvertEmptyStringsToNull.php(31): Illuminate\\Foundation\\Http\\Middleware\\TransformsRequest->handle(Object(Illuminate\\Http\\Request), Object(Closure))
#42 C:\\laragon\\www\\back-ionic\\back-ionic-laravel\\back-laravel-ionic\\vendor\\laravel\\framework\\src\\Illuminate\\Pipeline\\Pipeline.php(167): Illuminate\\Foundation\\Http\\Middleware\\ConvertEmptyStringsToNull->handle(Object(Illuminate\\Http\\Request), Object(Closure))
#43 C:\\laragon\\www\\back-ionic\\back-ionic-laravel\\back-laravel-ionic\\vendor\\laravel\\framework\\src\\Illuminate\\Foundation\\Http\\Middleware\\TransformsRequest.php(21): Illuminate\\Pipeline\\Pipeline->Illuminate\\Pipeline\\{closure}(Object(Illuminate\\Http\\Request))
#44 C:\\laragon\\www\\back-ionic\\back-ionic-laravel\\back-laravel-ionic\\vendor\\laravel\\framework\\src\\Illuminate\\Foundation\\Http\\Middleware\\TrimStrings.php(40): Illuminate\\Foundation\\Http\\Middleware\\TransformsRequest->handle(Object(Illuminate\\Http\\Request), Object(Closure))
#45 C:\\laragon\\www\\back-ionic\\back-ionic-laravel\\back-laravel-ionic\\vendor\\laravel\\framework\\src\\Illuminate\\Pipeline\\Pipeline.php(167): Illuminate\\Foundation\\Http\\Middleware\\TrimStrings->handle(Object(Illuminate\\Http\\Request), Object(Closure))
#46 C:\\laragon\\www\\back-ionic\\back-ionic-laravel\\back-laravel-ionic\\vendor\\laravel\\framework\\src\\Illuminate\\Foundation\\Http\\Middleware\\ValidatePostSize.php(27): Illuminate\\Pipeline\\Pipeline->Illuminate\\Pipeline\\{closure}(Object(Illuminate\\Http\\Request))
#47 C:\\laragon\\www\\back-ionic\\back-ionic-laravel\\back-laravel-ionic\\vendor\\laravel\\framework\\src\\Illuminate\\Pipeline\\Pipeline.php(167): Illuminate\\Foundation\\Http\\Middleware\\ValidatePostSize->handle(Object(Illuminate\\Http\\Request), Object(Closure))
#48 C:\\laragon\\www\\back-ionic\\back-ionic-laravel\\back-laravel-ionic\\vendor\\laravel\\framework\\src\\Illuminate\\Foundation\\Http\\Middleware\\PreventRequestsDuringMaintenance.php(86): Illuminate\\Pipeline\\Pipeline->Illuminate\\Pipeline\\{closure}(Object(Illuminate\\Http\\Request))
#49 C:\\laragon\\www\\back-ionic\\back-ionic-laravel\\back-laravel-ionic\\vendor\\laravel\\framework\\src\\Illuminate\\Pipeline\\Pipeline.php(167): Illuminate\\Foundation\\Http\\Middleware\\PreventRequestsDuringMaintenance->handle(Object(Illuminate\\Http\\Request), Object(Closure))
#50 C:\\laragon\\www\\back-ionic\\back-ionic-laravel\\back-laravel-ionic\\vendor\\fruitcake\\laravel-cors\\src\\HandleCors.php(52): Illuminate\\Pipeline\\Pipeline->Illuminate\\Pipeline\\{closure}(Object(Illuminate\\Http\\Request))
#51 C:\\laragon\\www\\back-ionic\\back-ionic-laravel\\back-laravel-ionic\\vendor\\laravel\\framework\\src\\Illuminate\\Pipeline\\Pipeline.php(167): Fruitcake\\Cors\\HandleCors->handle(Object(Illuminate\\Http\\Request), Object(Closure))
#52 C:\\laragon\\www\\back-ionic\\back-ionic-laravel\\back-laravel-ionic\\vendor\\laravel\\framework\\src\\Illuminate\\Http\\Middleware\\TrustProxies.php(39): Illuminate\\Pipeline\\Pipeline->Illuminate\\Pipeline\\{closure}(Object(Illuminate\\Http\\Request))
#53 C:\\laragon\\www\\back-ionic\\back-ionic-laravel\\back-laravel-ionic\\vendor\\laravel\\framework\\src\\Illuminate\\Pipeline\\Pipeline.php(167): Illuminate\\Http\\Middleware\\TrustProxies->handle(Object(Illuminate\\Http\\Request), Object(Closure))
#54 C:\\laragon\\www\\back-ionic\\back-ionic-laravel\\back-laravel-ionic\\vendor\\laravel\\framework\\src\\Illuminate\\Pipeline\\Pipeline.php(103): Illuminate\\Pipeline\\Pipeline->Illuminate\\Pipeline\\{closure}(Object(Illuminate\\Http\\Request))
#55 C:\\laragon\\www\\back-ionic\\back-ionic-laravel\\back-laravel-ionic\\vendor\\laravel\\framework\\src\\Illuminate\\Foundation\\Http\\Kernel.php(142): Illuminate\\Pipeline\\Pipeline->then(Object(Closure))
#56 C:\\laragon\\www\\back-ionic\\back-ionic-laravel\\back-laravel-ionic\\vendor\\laravel\\framework\\src\\Illuminate\\Foundation\\Http\\Kernel.php(111): Illuminate\\Foundation\\Http\\Kernel->sendRequestThroughRouter(Object(Illuminate\\Http\\Request))
#57 C:\\laragon\\www\\back-ionic\\back-ionic-laravel\\back-laravel-ionic\\public\\index.php(52): Illuminate\\Foundation\\Http\\Kernel->handle(Object(Illuminate\\Http\\Request))
#58 C:\\laragon\\www\\back-ionic\\back-ionic-laravel\\back-laravel-ionic\\server.php(21): require_once('C:\\\\laragon\\\\www\\\\...')
#59 {main}

[previous exception] [object] (PDOException(code: 23000): SQLSTATE[23000]: Integrity constraint violation: 1048 Column 'id_user' cannot be null at C:\\laragon\\www\\back-ionic\\back-ionic-laravel\\back-laravel-ionic\\vendor\\laravel\\framework\\src\\Illuminate\\Database\\Connection.php:501)
[stacktrace]
#0 C:\\laragon\\www\\back-ionic\\back-ionic-laravel\\back-laravel-ionic\\vendor\\laravel\\framework\\src\\Illuminate\\Database\\Connection.php(501): PDOStatement->execute()
#1 C:\\laragon\\www\\back-ionic\\back-ionic-laravel\\back-laravel-ionic\\vendor\\laravel\\framework\\src\\Illuminate\\Database\\Connection.php(705): Illuminate\\Database\\Connection->Illuminate\\Database\\{closure}('insert into `no...', Array)
#2 C:\\laragon\\www\\back-ionic\\back-ionic-laravel\\back-laravel-ionic\\vendor\\laravel\\framework\\src\\Illuminate\\Database\\Connection.php(672): Illuminate\\Database\\Connection->runQueryCallback('insert into `no...', Array, Object(Closure))
#3 C:\\laragon\\www\\back-ionic\\back-ionic-laravel\\back-laravel-ionic\\vendor\\laravel\\framework\\src\\Illuminate\\Database\\Connection.php(502): Illuminate\\Database\\Connection->run('insert into `no...', Array, Object(Closure))
#4 C:\\laragon\\www\\back-ionic\\back-ionic-laravel\\back-laravel-ionic\\vendor\\laravel\\framework\\src\\Illuminate\\Database\\Connection.php(454): Illuminate\\Database\\Connection->statement('insert into `no...', Array)
#5 C:\\laragon\\www\\back-ionic\\back-ionic-laravel\\back-laravel-ionic\\vendor\\laravel\\framework\\src\\Illuminate\\Database\\Query\\Processors\\Processor.php(32): Illuminate\\Database\\Connection->insert('insert into `no...', Array)
#6 C:\\laragon\\www\\back-ionic\\back-ionic-laravel\\back-laravel-ionic\\vendor\\laravel\\framework\\src\\Illuminate\\Database\\Query\\Builder.php(3028): Illuminate\\Database\\Query\\Processors\\Processor->processInsertGetId(Object(Illuminate\\Database\\Query\\Builder), 'insert into `no...', Array, 'id')
#7 C:\\laragon\\www\\back-ionic\\back-ionic-laravel\\back-laravel-ionic\\vendor\\laravel\\framework\\src\\Illuminate\\Database\\Eloquent\\Builder.php(1657): Illuminate\\Database\\Query\\Builder->insertGetId(Array, 'id')
#8 C:\\laragon\\www\\back-ionic\\back-ionic-laravel\\back-laravel-ionic\\vendor\\laravel\\framework\\src\\Illuminate\\Database\\Eloquent\\Model.php(1188): Illuminate\\Database\\Eloquent\\Builder->__call('insertGetId', Array)
#9 C:\\laragon\\www\\back-ionic\\back-ionic-laravel\\back-laravel-ionic\\vendor\\laravel\\framework\\src\\Illuminate\\Database\\Eloquent\\Model.php(1153): Illuminate\\Database\\Eloquent\\Model->insertAndSetId(Object(Illuminate\\Database\\Eloquent\\Builder), Array)
#10 C:\\laragon\\www\\back-ionic\\back-ionic-laravel\\back-laravel-ionic\\vendor\\laravel\\framework\\src\\Illuminate\\Database\\Eloquent\\Model.php(994): Illuminate\\Database\\Eloquent\\Model->performInsert(Object(Illuminate\\Database\\Eloquent\\Builder))
#11 C:\\laragon\\www\\back-ionic\\back-ionic-laravel\\back-laravel-ionic\\vendor\\laravel\\framework\\src\\Illuminate\\Database\\Eloquent\\Builder.php(896): Illuminate\\Database\\Eloquent\\Model->save()
#12 C:\\laragon\\www\\back-ionic\\back-ionic-laravel\\back-laravel-ionic\\vendor\\laravel\\framework\\src\\Illuminate\\Support\\helpers.php(263): Illuminate\\Database\\Eloquent\\Builder->Illuminate\\Database\\Eloquent\\{closure}(Object(App\\Models\\Notification))
#13 C:\\laragon\\www\\back-ionic\\back-ionic-laravel\\back-laravel-ionic\\vendor\\laravel\\framework\\src\\Illuminate\\Database\\Eloquent\\Builder.php(897): tap(Object(App\\Models\\Notification), Object(Closure))
#14 C:\\laragon\\www\\back-ionic\\back-ionic-laravel\\back-laravel-ionic\\vendor\\laravel\\framework\\src\\Illuminate\\Support\\Traits\\ForwardsCalls.php(23): Illuminate\\Database\\Eloquent\\Builder->create(Array)
#15 C:\\laragon\\www\\back-ionic\\back-ionic-laravel\\back-laravel-ionic\\vendor\\laravel\\framework\\src\\Illuminate\\Database\\Eloquent\\Model.php(2132): Illuminate\\Database\\Eloquent\\Model->forwardCallTo(Object(Illuminate\\Database\\Eloquent\\Builder), 'create', Array)
#16 C:\\laragon\\www\\back-ionic\\back-ionic-laravel\\back-laravel-ionic\\vendor\\laravel\\framework\\src\\Illuminate\\Database\\Eloquent\\Model.php(2144): Illuminate\\Database\\Eloquent\\Model->__call('create', Array)
#17 C:\\laragon\\www\\back-ionic\\back-ionic-laravel\\back-laravel-ionic\\app\\Traits\\NotificationsTrait.php(38): Illuminate\\Database\\Eloquent\\Model::__callStatic('create', Array)
#18 C:\\laragon\\www\\back-ionic\\back-ionic-laravel\\back-laravel-ionic\\vendor\\laravel\\framework\\src\\Illuminate\\Database\\Concerns\\ManagesTransactions.php(29): App\\Http\\Controllers\\LoginController->App\\Traits\\{closure}(Object(Illuminate\\Database\\MySqlConnection))
#19 C:\\laragon\\www\\back-ionic\\back-ionic-laravel\\back-laravel-ionic\\vendor\\laravel\\framework\\src\\Illuminate\\Database\\DatabaseManager.php(442): Illuminate\\Database\\Connection->transaction(Object(Closure))
#20 C:\\laragon\\www\\back-ionic\\back-ionic-laravel\\back-laravel-ionic\\vendor\\laravel\\framework\\src\\Illuminate\\Support\\Facades\\Facade.php(261): Illuminate\\Database\\DatabaseManager->__call('transaction', Array)
#21 C:\\laragon\\www\\back-ionic\\back-ionic-laravel\\back-laravel-ionic\\app\\Traits\\NotificationsTrait.php(42): Illuminate\\Support\\Facades\\Facade::__callStatic('transaction', Array)
#22 C:\\laragon\\www\\back-ionic\\back-ionic-laravel\\back-laravel-ionic\\app\\Http\\Controllers\\LoginController.php(116): App\\Http\\Controllers\\LoginController->createNotification(NULL, NULL, NULL, 'Bienvenido veri...', 'regitro de user')
#23 C:\\laragon\\www\\back-ionic\\back-ionic-laravel\\back-laravel-ionic\\vendor\\laravel\\framework\\src\\Illuminate\\Routing\\Controller.php(54): App\\Http\\Controllers\\LoginController->registre(Object(Illuminate\\Http\\Request))
#24 C:\\laragon\\www\\back-ionic\\back-ionic-laravel\\back-laravel-ionic\\vendor\\laravel\\framework\\src\\Illuminate\\Routing\\ControllerDispatcher.php(45): Illuminate\\Routing\\Controller->callAction('registre', Array)
#25 C:\\laragon\\www\\back-ionic\\back-ionic-laravel\\back-laravel-ionic\\vendor\\laravel\\framework\\src\\Illuminate\\Routing\\Route.php(262): Illuminate\\Routing\\ControllerDispatcher->dispatch(Object(Illuminate\\Routing\\Route), Object(App\\Http\\Controllers\\LoginController), 'registre')
#26 C:\\laragon\\www\\back-ionic\\back-ionic-laravel\\back-laravel-ionic\\vendor\\laravel\\framework\\src\\Illuminate\\Routing\\Route.php(205): Illuminate\\Routing\\Route->runController()
#27 C:\\laragon\\www\\back-ionic\\back-ionic-laravel\\back-laravel-ionic\\vendor\\laravel\\framework\\src\\Illuminate\\Routing\\Router.php(721): Illuminate\\Routing\\Route->run()
#28 C:\\laragon\\www\\back-ionic\\back-ionic-laravel\\back-laravel-ionic\\vendor\\laravel\\framework\\src\\Illuminate\\Pipeline\\Pipeline.php(128): Illuminate\\Routing\\Router->Illuminate\\Routing\\{closure}(Object(Illuminate\\Http\\Request))
#29 C:\\laragon\\www\\back-ionic\\back-ionic-laravel\\back-laravel-ionic\\vendor\\laravel\\framework\\src\\Illuminate\\Routing\\Middleware\\SubstituteBindings.php(50): Illuminate\\Pipeline\\Pipeline->Illuminate\\Pipeline\\{closure}(Object(Illuminate\\Http\\Request))
#30 C:\\laragon\\www\\back-ionic\\back-ionic-laravel\\back-laravel-ionic\\vendor\\laravel\\framework\\src\\Illuminate\\Pipeline\\Pipeline.php(167): Illuminate\\Routing\\Middleware\\SubstituteBindings->handle(Object(Illuminate\\Http\\Request), Object(Closure))
#31 C:\\laragon\\www\\back-ionic\\back-ionic-laravel\\back-laravel-ionic\\vendor\\laravel\\framework\\src\\Illuminate\\Routing\\Middleware\\ThrottleRequests.php(127): Illuminate\\Pipeline\\Pipeline->Illuminate\\Pipeline\\{closure}(Object(Illuminate\\Http\\Request))
#32 C:\\laragon\\www\\back-ionic\\back-ionic-laravel\\back-laravel-ionic\\vendor\\laravel\\framework\\src\\Illuminate\\Routing\\Middleware\\ThrottleRequests.php(103): Illuminate\\Routing\\Middleware\\ThrottleRequests->handleRequest(Object(Illuminate\\Http\\Request), Object(Closure), Array)
#33 C:\\laragon\\www\\back-ionic\\back-ionic-laravel\\back-laravel-ionic\\vendor\\laravel\\framework\\src\\Illuminate\\Routing\\Middleware\\ThrottleRequests.php(55): Illuminate\\Routing\\Middleware\\ThrottleRequests->handleRequestUsingNamedLimiter(Object(Illuminate\\Http\\Request), Object(Closure), 'api', Object(Closure))
#34 C:\\laragon\\www\\back-ionic\\back-ionic-laravel\\back-laravel-ionic\\vendor\\laravel\\framework\\src\\Illuminate\\Pipeline\\Pipeline.php(167): Illuminate\\Routing\\Middleware\\ThrottleRequests->handle(Object(Illuminate\\Http\\Request), Object(Closure), 'api')
#35 C:\\laragon\\www\\back-ionic\\back-ionic-laravel\\back-laravel-ionic\\vendor\\laravel\\framework\\src\\Illuminate\\Pipeline\\Pipeline.php(103): Illuminate\\Pipeline\\Pipeline->Illuminate\\Pipeline\\{closure}(Object(Illuminate\\Http\\Request))
#36 C:\\laragon\\www\\back-ionic\\back-ionic-laravel\\back-laravel-ionic\\vendor\\laravel\\framework\\src\\Illuminate\\Routing\\Router.php(723): Illuminate\\Pipeline\\Pipeline->then(Object(Closure))
#37 C:\\laragon\\www\\back-ionic\\back-ionic-laravel\\back-laravel-ionic\\vendor\\laravel\\framework\\src\\Illuminate\\Routing\\Router.php(698): Illuminate\\Routing\\Router->runRouteWithinStack(Object(Illuminate\\Routing\\Route), Object(Illuminate\\Http\\Request))
#38 C:\\laragon\\www\\back-ionic\\back-ionic-laravel\\back-laravel-ionic\\vendor\\laravel\\framework\\src\\Illuminate\\Routing\\Router.php(662): Illuminate\\Routing\\Router->runRoute(Object(Illuminate\\Http\\Request), Object(Illuminate\\Routing\\Route))
#39 C:\\laragon\\www\\back-ionic\\back-ionic-laravel\\back-laravel-ionic\\vendor\\laravel\\framework\\src\\Illuminate\\Routing\\Router.php(651): Illuminate\\Routing\\Router->dispatchToRoute(Object(Illuminate\\Http\\Request))
#40 C:\\laragon\\www\\back-ionic\\back-ionic-laravel\\back-laravel-ionic\\vendor\\laravel\\framework\\src\\Illuminate\\Foundation\\Http\\Kernel.php(167): Illuminate\\Routing\\Router->dispatch(Object(Illuminate\\Http\\Request))
#41 C:\\laragon\\www\\back-ionic\\back-ionic-laravel\\back-laravel-ionic\\vendor\\laravel\\framework\\src\\Illuminate\\Pipeline\\Pipeline.php(128): Illuminate\\Foundation\\Http\\Kernel->Illuminate\\Foundation\\Http\\{closure}(Object(Illuminate\\Http\\Request))
#42 C:\\laragon\\www\\back-ionic\\back-ionic-laravel\\back-laravel-ionic\\vendor\\laravel\\framework\\src\\Illuminate\\Foundation\\Http\\Middleware\\TransformsRequest.php(21): Illuminate\\Pipeline\\Pipeline->Illuminate\\Pipeline\\{closure}(Object(Illuminate\\Http\\Request))
#43 C:\\laragon\\www\\back-ionic\\back-ionic-laravel\\back-laravel-ionic\\vendor\\laravel\\framework\\src\\Illuminate\\Foundation\\Http\\Middleware\\ConvertEmptyStringsToNull.php(31): Illuminate\\Foundation\\Http\\Middleware\\TransformsRequest->handle(Object(Illuminate\\Http\\Request), Object(Closure))
#44 C:\\laragon\\www\\back-ionic\\back-ionic-laravel\\back-laravel-ionic\\vendor\\laravel\\framework\\src\\Illuminate\\Pipeline\\Pipeline.php(167): Illuminate\\Foundation\\Http\\Middleware\\ConvertEmptyStringsToNull->handle(Object(Illuminate\\Http\\Request), Object(Closure))
#45 C:\\laragon\\www\\back-ionic\\back-ionic-laravel\\back-laravel-ionic\\vendor\\laravel\\framework\\src\\Illuminate\\Foundation\\Http\\Middleware\\TransformsRequest.php(21): Illuminate\\Pipeline\\Pipeline->Illuminate\\Pipeline\\{closure}(Object(Illuminate\\Http\\Request))
#46 C:\\laragon\\www\\back-ionic\\back-ionic-laravel\\back-laravel-ionic\\vendor\\laravel\\framework\\src\\Illuminate\\Foundation\\Http\\Middleware\\TrimStrings.php(40): Illuminate\\Foundation\\Http\\Middleware\\TransformsRequest->handle(Object(Illuminate\\Http\\Request), Object(Closure))
#47 C:\\laragon\\www\\back-ionic\\back-ionic-laravel\\back-laravel-ionic\\vendor\\laravel\\framework\\src\\Illuminate\\Pipeline\\Pipeline.php(167): Illuminate\\Foundation\\Http\\Middleware\\TrimStrings->handle(Object(Illuminate\\Http\\Request), Object(Closure))
#48 C:\\laragon\\www\\back-ionic\\back-ionic-laravel\\back-laravel-ionic\\vendor\\laravel\\framework\\src\\Illuminate\\Foundation\\Http\\Middleware\\ValidatePostSize.php(27): Illuminate\\Pipeline\\Pipeline->Illuminate\\Pipeline\\{closure}(Object(Illuminate\\Http\\Request))
#49 C:\\laragon\\www\\back-ionic\\back-ionic-laravel\\back-laravel-ionic\\vendor\\laravel\\framework\\src\\Illuminate\\Pipeline\\Pipeline.php(167): Illuminate\\Foundation\\Http\\Middleware\\ValidatePostSize->handle(Object(Illuminate\\Http\\Request), Object(Closure))
#50 C:\\laragon\\www\\back-ionic\\back-ionic-laravel\\back-laravel-ionic\\vendor\\laravel\\framework\\src\\Illuminate\\Foundation\\Http\\Middleware\\PreventRequestsDuringMaintenance.php(86): Illuminate\\Pipeline\\Pipeline->Illuminate\\Pipeline\\{closure}(Object(Illuminate\\Http\\Request))
#51 C:\\laragon\\www\\back-ionic\\back-ionic-laravel\\back-laravel-ionic\\vendor\\laravel\\framework\\src\\Illuminate\\Pipeline\\Pipeline.php(167): Illuminate\\Foundation\\Http\\Middleware\\PreventRequestsDuringMaintenance->handle(Object(Illuminate\\Http\\Request), Object(Closure))
#52 C:\\laragon\\www\\back-ionic\\back-ionic-laravel\\back-laravel-ionic\\vendor\\fruitcake\\laravel-cors\\src\\HandleCors.php(52): Illuminate\\Pipeline\\Pipeline->Illuminate\\Pipeline\\{closure}(Object(Illuminate\\Http\\Request))
#53 C:\\laragon\\www\\back-ionic\\back-ionic-laravel\\back-laravel-ionic\\vendor\\laravel\\framework\\src\\Illuminate\\Pipeline\\Pipeline.php(167): Fruitcake\\Cors\\HandleCors->handle(Object(Illuminate\\Http\\Request), Object(Closure))
#54 C:\\laragon\\www\\back-ionic\\back-ionic-laravel\\back-laravel-ionic\\vendor\\laravel\\framework\\src\\Illuminate\\Http\\Middleware\\TrustProxies.php(39): Illuminate\\Pipeline\\Pipeline->Illuminate\\Pipeline\\{closure}(Object(Illuminate\\Http\\Request))
#55 C:\\laragon\\www\\back-ionic\\back-ionic-laravel\\back-laravel-ionic\\vendor\\laravel\\framework\\src\\Illuminate\\Pipeline\\Pipeline.php(167): Illuminate\\Http\\Middleware\\TrustProxies->handle(Object(Illuminate\\Http\\Request), Object(Closure))
#56 C:\\laragon\\www\\back-ionic\\back-ionic-laravel\\back-laravel-ionic\\vendor\\laravel\\framework\\src\\Illuminate\\Pipeline\\Pipeline.php(103): Illuminate\\Pipeline\\Pipeline->Illuminate\\Pipeline\\{closure}(Object(Illuminate\\Http\\Request))
#57 C:\\laragon\\www\\back-ionic\\back-ionic-laravel\\back-laravel-ionic\\vendor\\laravel\\framework\\src\\Illuminate\\Foundation\\Http\\Kernel.php(142): Illuminate\\Pipeline\\Pipeline->then(Object(Closure))
#58 C:\\laragon\\www\\back-ionic\\back-ionic-laravel\\back-laravel-ionic\\vendor\\laravel\\framework\\src\\Illuminate\\Foundation\\Http\\Kernel.php(111): Illuminate\\Foundation\\Http\\Kernel->sendRequestThroughRouter(Object(Illuminate\\Http\\Request))
#59 C:\\laragon\\www\\back-ionic\\back-ionic-laravel\\back-laravel-ionic\\public\\index.php(52): Illuminate\\Foundation\\Http\\Kernel->handle(Object(Illuminate\\Http\\Request))
#60 C:\\laragon\\www\\back-ionic\\back-ionic-laravel\\back-laravel-ionic\\server.php(21): require_once('C:\\\\laragon\\\\www\\\\...')
#61 {main}
"} 
